Arguments: 
  /usr/local/bin/node /usr/local/bin/yarn install

PATH: 
  /Users/michaelwright/.rvm/gems/ruby-2.4.1/bin:/Users/michaelwright/.rvm/gems/ruby-2.4.1@global/bin:/Users/michaelwright/.rvm/rubies/ruby-2.4.1/bin:/usr/local/bin:/usr/bin:/bin:/usr/sbin:/sbin:/usr/local/MacGPG2/bin:/Users/michaelwright/.rvm/bin

Yarn version: 
  1.3.2

Node version: 
  8.9.1

Platform: 
  darwin x64

npm manifest: 
  {
    "name": "openlayers-cookbook-packt-pub",
    "author": {
      "name": "Peter J Langley",
      "url": "http://pjlangley.com"
    },
    "version": "1.0.0",
    "private": true,
    "dependencies": {
      "express": "4.13.3"
    },
  }

yarn manifest: 
  No manifest

Lockfile: 
  No lockfile

Trace: 
  SyntaxError: /Users/michaelwright/projects/playground/OpenLayers3xCookbook_code/package.json: Unexpected token } in JSON at position 219
      at JSON.parse (<anonymous>)
      at /usr/local/lib/node_modules/yarn/lib/cli.js:770:59
      at Generator.next (<anonymous>)
      at step (/usr/local/lib/node_modules/yarn/lib/cli.js:92:30)
      at /usr/local/lib/node_modules/yarn/lib/cli.js:103:13
      at <anonymous>
